[GIN-debug] [WARNING] Creating an Engine instance with the Logger and Recovery middleware already attached.

[GIN-debug] [WARNING] Running in "debug" mode. Switch to "release" mode in production.
 - using env:	export GIN_MODE=release
 - using code:	gin.SetMode(gin.ReleaseMode)

[GIN-debug] POST   /init                     --> account/routs.Init (4 handlers)
[GIN-debug] Listening and serving HTTP on :8001
time="2019-07-05T18:49:06+05:00" level=debug msg="SELECT * FROM `accounts`  " source="C:/Users/nGnL/go/src/account/routs/multiply.go:26" took=1.0016ms
[GIN] 2019/07/05 - 18:49:06 | 502 |     49.9671ms |             ::1 | POST     /init
time="2019-07-05T18:49:12+05:00" level=debug msg="SELECT * FROM `accounts`  " source="C:/Users/nGnL/go/src/account/routs/multiply.go:26" took=0s
time="2019-07-05T18:49:12+05:00" level=debug msg="INSERT  INTO `operation` (`LastSum`,`Operation`,`Date`,`Name`,`id_account`) VALUES ('1','Пополнение','05.07.2019 18:49:12','qdsad','2')" source="C:/Users/nGnL/go/src/account/routs/multiply.go:71" took="999.8µs"
2019/07/05 18:49:12 1
time="2019-07-05T18:49:12+05:00" level=debug msg="UPDATE `accounts` SET `Balance` = '1'  WHERE (ID = '2')" source="C:/Users/nGnL/go/src/account/routs/multiply.go:75" took=1ms
[GIN] 2019/07/05 - 18:49:12 | 200 |      1.9998ms |             ::1 | POST     /init
time="2019-07-05T18:49:16+05:00" level=debug msg="SELECT * FROM `accounts`  " source="C:/Users/nGnL/go/src/account/routs/multiply.go:26" took=0s
time="2019-07-05T18:49:16+05:00" level=debug msg="SELECT * FROM `operation`  WHERE (id_account = '2')" source="C:/Users/nGnL/go/src/account/routs/multiply.go:113" took=0s
[GIN] 2019/07/05 - 18:49:16 | 200 |       997.4µs |             ::1 | POST     /init
time="2019-07-05T18:50:19+05:00" level=error msg="invalid connection" source="C:/Users/nGnL/go/src/account/routs/multiply.go:26"
time="2019-07-05T18:50:19+05:00" level=debug msg="SELECT * FROM `accounts`  " source="C:/Users/nGnL/go/src/account/routs/multiply.go:26" took=2.0006ms
[GIN] 2019/07/05 - 18:50:19 | 502 |      2.0006ms |             ::1 | POST     /init
time="2019-07-05T18:50:27+05:00" level=debug msg="SELECT * FROM `accounts`  " source="C:/Users/nGnL/go/src/account/routs/multiply.go:26" took=302.9162ms
time="2019-07-05T18:50:27+05:00" level=debug msg="SELECT * FROM `operation`  WHERE (id_account = '2')" source="C:/Users/nGnL/go/src/account/routs/multiply.go:113" took=0s
[GIN] 2019/07/05 - 18:50:27 | 200 |    302.9162ms |             ::1 | POST     /init
="C:/Users/nGnL/go/src/account/routs/multiply.go:98" took=0s
[GIN-debug] [WARNING] Headers were already written. Wanted to override status code 502 with 200
[GIN] 2019/07/05 - 18:45:36 | 200 |      2.0011ms |             ::1 | POST     /init
